生成启动时间为 2018/6/12 11:50:31。
     1>项目“E:\code\UAV609正则版加战斗机\uav\uav\uav.vcxproj”在节点 2 上(Build 个目标)。
     1>ClCompile:
         E:\code\Visual Studio\VC\bin\x86_amd64\CL.exe /c /Zi /nologo /W3 /WX- /sdl- /Od /D _CRT_SECURE_NO_WARNINGS /D _DEBUG /D _CONSOLE /D _UNICODE /D UNICODE /Gm /EHsc /RTC1 /MDd /GS /fp:precise /Zc:wchar_t /Zc:forScope /Fo"x64\Debug\\" /Fd"x64\Debug\vc120.pdb" /Gd /TP /errorReport:prompt ..\..\AntColonyAlgorithm.cpp
         AntColonyAlgorithm.cpp
     1>e:\code\uav609正则版加战斗机\AntColonyAlgorithm.h(74): warning C4305: “初始化”: 从“double”到“const float”截断
     1>..\..\AntColonyAlgorithm.cpp(482): warning C4101: “itenemy”: 未引用的局部变量
     1>..\..\AntColonyAlgorithm.cpp(1206): warning C4267: “参数”: 从“size_t”转换到“int”，可能丢失数据
     1>..\..\AntColonyAlgorithm.cpp(1640): warning C4244: “=”: 从“double”转换到“int”，可能丢失数据
     1>..\..\AntColonyAlgorithm.cpp(1851): warning C4305: “=”: 从“__int64”到“double”截断
       Link:
         E:\code\Visual Studio\VC\bin\x86_amd64\link.exe /ERRORREPORT:PROMPT /OUT:"E:\code\UAV609正则版加战斗机\uav\x64\Debug\uav.exe" /INCREMENTAL /NOLOGO ws2_32.lib kernel32.lib user32.lib gdi32.lib winspool.lib comdlg32.lib advapi32.lib shell32.lib ole32.lib oleaut32.lib uuid.lib odbc32.lib odbccp32.lib /MANIFEST /MANIFESTUAC:"level='asInvoker' uiAccess='false'" /manifest:embed /DEBUG /PDB:"E:\code\UAV609正则版加战斗机\uav\x64\Debug\uav.pdb" /SUBSYSTEM:CONSOLE /TLBID:1 /DYNAMICBASE /NXCOMPAT /IMPLIB:"E:\code\UAV609正则版加战斗机\uav\x64\Debug\uav.lib" /MACHINE:X64 x64\Debug\AntColonyAlgorithm.obj
         x64\Debug\cJSON.obj
         x64\Debug\CmdParse.obj
         x64\Debug\JsonParse.obj
         x64\Debug\mian.obj
         x64\Debug\OSSocket.obj
         uav.vcxproj -> E:\code\UAV609正则版加战斗机\uav\x64\Debug\uav.exe
     1>已完成生成项目“E:\code\UAV609正则版加战斗机\uav\uav\uav.vcxproj”(Build 个目标)的操作。

生成成功。

已用时间 00:00:06.84
