Build started 2018/5/22 17:11:48.
     1>Project "E:\2Selfish\3ReferenceMaterial\UAVsimple522\uav\uav\uav.vcxproj" on node 2 (Build target(s)).
     1>ClCompile:
         C:\Program Files (x86)\Microsoft Visual Studio 14.0\VC\bin\CL.exe /c /Zi /nologo /W3 /WX- /sdl /O2 /Oi /Oy- /GL /D WIN32 /D NDEBUG /D _CONSOLE /D _UNICODE /D UNICODE /Gm- /EHsc /MD /GS /Gy /fp:precise /Zc:wchar_t /Zc:forScope /Zc:inline /Fo"Release\\" /Fd"Release\vc140.pdb" /Gd /TP /analyze- /errorReport:prompt ..\..\AntColonyAlgorithm.cpp ..\..\cJSON.cpp ..\..\CmdParse.cpp ..\..\JsonParse.cpp ..\..\mian.cpp ..\..\OSSocket.cpp
         AntColonyAlgorithm.cpp
     1>e:\2selfish\3referencematerial\uavsimple522\AntColonyAlgorithm.h(48): warning C4305: 'initializing': truncation from 'double' to 'float'
     1>..\..\AntColonyAlgorithm.cpp(44): warning C4244: 'argument': conversion from 'time_t' to 'unsigned int', possible loss of data
     1>..\..\AntColonyAlgorithm.cpp(250): warning C4244: '=': conversion from 'double' to 'float', possible loss of data
     1>..\..\AntColonyAlgorithm.cpp(270): warning C4244: '=': conversion from 'double' to 'float', possible loss of data
     1>..\..\AntColonyAlgorithm.cpp(356): warning C4244: '=': conversion from 'double' to 'float', possible loss of data
     1>..\..\AntColonyAlgorithm.cpp(375): warning C4244: '=': conversion from 'double' to 'float', possible loss of data
     1>..\..\AntColonyAlgorithm.cpp(486): warning C4244: '=': conversion from 'double' to 'float', possible loss of data
     1>..\..\AntColonyAlgorithm.cpp(506): warning C4244: '=': conversion from 'double' to 'float', possible loss of data
         cJSON.cpp
     1>..\..\cJSON.cpp(125): error C4996: 'sprintf': This function or variable may be unsafe. Consider using sprintf_s instead. To disable deprecation, use _CRT_SECURE_NO_WARNINGS. See online help for details.
         C:\Program Files (x86)\Windows Kits\10\Include\10.0.10150.0\ucrt\stdio.h(1769): note: see declaration of 'sprintf'
     1>..\..\cJSON.cpp(361): error C4996: 'strcpy': This function or variable may be unsafe. Consider using strcpy_s instead. To disable deprecation, use _CRT_SECURE_NO_WARNINGS. See online help for details.
         C:\Program Files (x86)\Windows Kits\10\Include\10.0.10150.0\ucrt\string.h(119): note: see declaration of 'strcpy'
     1>..\..\cJSON.cpp(396): error C4996: 'strcpy': This function or variable may be unsafe. Consider using strcpy_s instead. To disable deprecation, use _CRT_SECURE_NO_WARNINGS. See online help for details.
         C:\Program Files (x86)\Windows Kits\10\Include\10.0.10150.0\ucrt\string.h(119): note: see declaration of 'strcpy'
     1>..\..\cJSON.cpp(495): error C4996: 'strcpy': This function or variable may be unsafe. Consider using strcpy_s instead. To disable deprecation, use _CRT_SECURE_NO_WARNINGS. See online help for details.
         C:\Program Files (x86)\Windows Kits\10\Include\10.0.10150.0\ucrt\string.h(119): note: see declaration of 'strcpy'
     1>..\..\cJSON.cpp(497): error C4996: 'strcpy': This function or variable may be unsafe. Consider using strcpy_s instead. To disable deprecation, use _CRT_SECURE_NO_WARNINGS. See online help for details.
         C:\Program Files (x86)\Windows Kits\10\Include\10.0.10150.0\ucrt\string.h(119): note: see declaration of 'strcpy'
         CmdParse.cpp
     1>..\..\CmdParse.cpp(705): error C4996: 'strcpy': This function or variable may be unsafe. Consider using strcpy_s instead. To disable deprecation, use _CRT_SECURE_NO_WARNINGS. See online help for details.
         C:\Program Files (x86)\Windows Kits\10\Include\10.0.10150.0\ucrt\string.h(119): note: see declaration of 'strcpy'
     1>..\..\CmdParse.cpp(748): error C4996: 'strcpy': This function or variable may be unsafe. Consider using strcpy_s instead. To disable deprecation, use _CRT_SECURE_NO_WARNINGS. See online help for details.
         C:\Program Files (x86)\Windows Kits\10\Include\10.0.10150.0\ucrt\string.h(119): note: see declaration of 'strcpy'
     1>..\..\CmdParse.cpp(820): error C4996: 'strcpy': This function or variable may be unsafe. Consider using strcpy_s instead. To disable deprecation, use _CRT_SECURE_NO_WARNINGS. See online help for details.
         C:\Program Files (x86)\Windows Kits\10\Include\10.0.10150.0\ucrt\string.h(119): note: see declaration of 'strcpy'
         JsonParse.cpp
     1>..\..\JsonParse.cpp(81): error C4996: 'strcpy': This function or variable may be unsafe. Consider using strcpy_s instead. To disable deprecation, use _CRT_SECURE_NO_WARNINGS. See online help for details.
         C:\Program Files (x86)\Windows Kits\10\Include\10.0.10150.0\ucrt\string.h(119): note: see declaration of 'strcpy'
         mian.cpp
     1>e:\2selfish\3referencematerial\uavsimple522\AntColonyAlgorithm.h(48): warning C4305: 'initializing': truncation from 'double' to 'float'
     1>..\..\mian.cpp(140): error C4996: 'strcpy': This function or variable may be unsafe. Consider using strcpy_s instead. To disable deprecation, use _CRT_SECURE_NO_WARNINGS. See online help for details.
         C:\Program Files (x86)\Windows Kits\10\Include\10.0.10150.0\ucrt\string.h(119): note: see declaration of 'strcpy'
     1>..\..\mian.cpp(142): error C4996: 'strcpy': This function or variable may be unsafe. Consider using strcpy_s instead. To disable deprecation, use _CRT_SECURE_NO_WARNINGS. See online help for details.
         C:\Program Files (x86)\Windows Kits\10\Include\10.0.10150.0\ucrt\string.h(119): note: see declaration of 'strcpy'
     1>..\..\mian.cpp(190): error C4996: 'strcpy': This function or variable may be unsafe. Consider using strcpy_s instead. To disable deprecation, use _CRT_SECURE_NO_WARNINGS. See online help for details.
         C:\Program Files (x86)\Windows Kits\10\Include\10.0.10150.0\ucrt\string.h(119): note: see declaration of 'strcpy'
     1>..\..\mian.cpp(192): error C4996: 'strcpy': This function or variable may be unsafe. Consider using strcpy_s instead. To disable deprecation, use _CRT_SECURE_NO_WARNINGS. See online help for details.
         C:\Program Files (x86)\Windows Kits\10\Include\10.0.10150.0\ucrt\string.h(119): note: see declaration of 'strcpy'
     1>..\..\mian.cpp(232): error C4996: 'strcpy': This function or variable may be unsafe. Consider using strcpy_s instead. To disable deprecation, use _CRT_SECURE_NO_WARNINGS. See online help for details.
         C:\Program Files (x86)\Windows Kits\10\Include\10.0.10150.0\ucrt\string.h(119): note: see declaration of 'strcpy'
     1>..\..\mian.cpp(233): error C4996: 'strcpy': This function or variable may be unsafe. Consider using strcpy_s instead. To disable deprecation, use _CRT_SECURE_NO_WARNINGS. See online help for details.
         C:\Program Files (x86)\Windows Kits\10\Include\10.0.10150.0\ucrt\string.h(119): note: see declaration of 'strcpy'
         OSSocket.cpp
     1>..\..\OSSocket.cpp(77): error C4996: 'inet_addr': Use inet_pton() or InetPton() instead or define _WINSOCK_DEPRECATED_NO_WARNINGS to disable deprecated API warnings
         C:\Program Files (x86)\Windows Kits\8.1\Include\um\winsock2.h(1850): note: see declaration of 'inet_addr'
     1>Done Building Project "E:\2Selfish\3ReferenceMaterial\UAVsimple522\uav\uav\uav.vcxproj" (Build target(s)) -- FAILED.

Build FAILED.

Time Elapsed 00:00:04.63
